-------------------------------------------------------------------------------
Test set: com.zhsi.maven.selenium.SeleniumTest.AppTest
-------------------------------------------------------------------------------
Tests run: 1, Failures: 0, Errors: 1, Skipped: 0, Time elapsed: 52.019 sec <<< FAILURE!
testSelenium(com.zhsi.maven.selenium.SeleniumTest.AppTest)  Time elapsed: 51.97 sec  <<< ERROR!
org.openqa.selenium.WebDriverException: Failed to connect to binary FirefoxBinary(C:\Program Files (x86)\Mozilla Firefox\firefox.exe) on port 7055; process output follows: 
file:fxdriver@googlecode.com visible
1423045753105	DeferredSave.extensions.json	DEBUG	Save changes
1423045753105	DeferredSave.extensions.json	DEBUG	Save changes
1423045753105	addons.xpi	DEBUG	New add-on dict@www.youdao.com installed in winreg-app-user
1423045753117	addons.xpi-utils	DEBUG	Make addon winreg-app-user:dict@www.youdao.com visible
1423045753117	DeferredSave.extensions.json	DEBUG	Save changes
1423045753117	DeferredSave.extensions.json	DEBUG	Save changes
1423045753117	addons.xpi	DEBUG	New add-on {972ce4c6-7e08-4474-a285-3208198ce6fd} installed in app-global
1423045753131	addons.xpi-utils	DEBUG	Make addon app-global:{972ce4c6-7e08-4474-a285-3208198ce6fd} visible
1423045753131	DeferredSave.extensions.json	DEBUG	Save changes
1423045753131	DeferredSave.extensions.json	DEBUG	Save changes
1423045753140	addons.xpi	DEBUG	Updating database with changes to installed add-ons
1423045753140	addons.xpi-utils	DEBUG	Updating add-on states
1423045753142	addons.xpi-utils	DEBUG	Writing add-ons list
1423045753149	addons.manager	DEBUG	Registering shutdown blocker for XPIProvider
1423045753150	addons.manager	DEBUG	Registering shutdown blocker for LightweightThemeManager
1423045753151	addons.manager	DEBUG	Registering shutdown blocker for OpenH264Provider
1423045753152	addons.manager	DEBUG	Registering shutdown blocker for PluginProvider
1423045754944	DeferredSave.extensions.json	DEBUG	Starting timer
1423045754968	addons.manager	DEBUG	shutdown
1423045754968	addons.manager	DEBUG	Calling shutdown blocker for XPIProvider
1423045754968	addons.xpi	DEBUG	shutdown
1423045754968	addons.xpi-utils	DEBUG	shutdown
1423045754968	DeferredSave.extensions.json	DEBUG	Flush called while data is dirty
1423045754969	addons.manager	DEBUG	Calling shutdown blocker for LightweightThemeManager
1423045754969	addons.manager	DEBUG	Calling shutdown blocker for OpenH264Provider
1423045754969	addons.manager	DEBUG	Calling shutdown blocker for PluginProvider
1423045754971	DeferredSave.extensions.json	DEBUG	Starting write
1423045755152	DeferredSave.extensions.json	DEBUG	Write succeeded
1423045755153	addons.xpi-utils	DEBUG	XPI Database saved, setting schema version preference to 16
1423045755153	addons.xpi	DEBUG	Notifying XPI shutdown observers
1423045755158	addons.manager	DEBUG	Async provider shutdown done
1423045756137	addons.manager	DEBUG	Loaded provider scope for resource://gre/modules/addons/XPIProvider.jsm: ["XPIProvider"]
1423045756138	addons.manager	DEBUG	Loaded provider scope for resource://gre/modules/LightweightThemeManager.jsm: ["LightweightThemeManager"]
1423045756139	addons.xpi	DEBUG	startup
1423045756140	addons.xpi	DEBUG	Skipping unavailable install location app-system-local
1423045756140	addons.xpi	DEBUG	Skipping unavailable install location app-system-share
1423045756140	addons.xpi	INFO	Mapping {972ce4c6-7e08-4474-a285-3208198ce6fd} to C:\Program Files (x86)\Mozilla Firefox\browser\extensions\{972ce4c6-7e08-4474-a285-3208198ce6fd}
1423045756141	addons.xpi	INFO	Mapping dict@www.youdao.com to C:\Users\zhsi\AppData\Local\Youdao\Dict\Application\stable\extensions\firefox
1423045756141	addons.xpi	INFO	Mapping fxdriver@googlecode.com to C:\Users\zhsi\AppData\Local\Temp\anonymous8729595405667106386webdriver-profile\extensions\fxdriver@googlecode.com
1423045756141	addons.xpi	DEBUG	Ignoring file entry whose name is not a valid add-on ID: C:\Users\zhsi\AppData\Local\Temp\anonymous8729595405667106386webdriver-profile\extensions\webdriver-staging
1423045756141	addons.xpi	DEBUG	checkForChanges
1423045756148	addons.xpi	DEBUG	No changes found
1423045756151	addons.manager	DEBUG	Registering shutdown blocker for XPIProvider
1423045756151	addons.manager	DEBUG	Registering shutdown blocker for LightweightThemeManager
1423045756152	addons.manager	DEBUG	Registering shutdown blocker for OpenH264Provider
1423045756152	addons.manager	DEBUG	Registering shutdown blocker for PluginProvider
*** Blocklist::_preloadBlocklistFile: blocklist is disabled
1423045759012	addons.manager	DEBUG	Registering shutdown blocker for <unnamed-provider>

Build info: version: '2.33.0', revision: '4ecaf82108b2a6cc6f006aae81961236eba93358', time: '2013-05-22 12:00:17'
System info: os.name: 'Windows 7', os.arch: 'x86', os.version: '6.1', java.version: '1.7.0'
Driver info: driver.version: FirefoxDriver
	at org.openqa.selenium.firefox.internal.NewProfileExtensionConnection.start(NewProfileExtensionConnection.java:118)
	at org.openqa.selenium.firefox.FirefoxDriver.startClient(FirefoxDriver.java:244)
	at org.openqa.selenium.remote.RemoteWebDriver.<init>(RemoteWebDriver.java:110)
	at org.openqa.selenium.firefox.FirefoxDriver.<init>(FirefoxDriver.java:188)
	at org.openqa.selenium.firefox.FirefoxDriver.<init>(FirefoxDriver.java:183)
	at org.openqa.selenium.firefox.FirefoxDriver.<init>(FirefoxDriver.java:179)
	at org.openqa.selenium.firefox.FirefoxDriver.<init>(FirefoxDriver.java:92)
	at com.zhsi.maven.selenium.SeleniumTest.AppTest.testSelenium(AppTest.java:28)
	at sun.reflect.NativeMethodAccessorImpl.invoke0(Native Method)
	at sun.reflect.NativeMethodAccessorImpl.invoke(NativeMethodAccessorImpl.java:57)
	at sun.reflect.DelegatingMethodAccessorImpl.invoke(DelegatingMethodAccessorImpl.java:43)
	at java.lang.reflect.Method.invoke(Method.java:601)
	at org.junit.runners.model.FrameworkMethod$1.runReflectiveCall(FrameworkMethod.java:44)
	at org.junit.internal.runners.model.ReflectiveCallable.run(ReflectiveCallable.java:15)
	at org.junit.runners.model.FrameworkMethod.invokeExplosively(FrameworkMethod.java:41)
	at org.junit.internal.runners.statements.InvokeMethod.evaluate(InvokeMethod.java:20)
	at org.junit.runners.BlockJUnit4ClassRunner.runChild(BlockJUnit4ClassRunner.java:76)
	at org.junit.runners.BlockJUnit4ClassRunner.runChild(BlockJUnit4ClassRunner.java:50)
	at org.junit.runners.ParentRunner$3.run(ParentRunner.java:193)
	at org.junit.runners.ParentRunner$1.schedule(ParentRunner.java:52)
	at org.junit.runners.ParentRunner.runChildren(ParentRunner.java:191)
	at org.junit.runners.ParentRunner.access$000(ParentRunner.java:42)
	at org.junit.runners.ParentRunner$2.evaluate(ParentRunner.java:184)
	at org.junit.runners.ParentRunner.run(ParentRunner.java:236)
	at org.apache.maven.surefire.junit4.JUnit4Provider.execute(JUnit4Provider.java:252)
	at org.apache.maven.surefire.junit4.JUnit4Provider.executeTestSet(JUnit4Provider.java:141)
	at org.apache.maven.surefire.junit4.JUnit4Provider.invoke(JUnit4Provider.java:112)
	at sun.reflect.NativeMethodAccessorImpl.invoke0(Native Method)
	at sun.reflect.NativeMethodAccessorImpl.invoke(NativeMethodAccessorImpl.java:57)
	at sun.reflect.DelegatingMethodAccessorImpl.invoke(DelegatingMethodAccessorImpl.java:43)
	at java.lang.reflect.Method.invoke(Method.java:601)
	at org.apache.maven.surefire.util.ReflectionUtils.invokeMethodWithArray(ReflectionUtils.java:189)
	at org.apache.maven.surefire.booter.ProviderFactory$ProviderProxy.invoke(ProviderFactory.java:165)
	at org.apache.maven.surefire.booter.ProviderFactory.invokeProvider(ProviderFactory.java:85)
	at org.apache.maven.surefire.booter.ForkedBooter.runSuitesInProcess(ForkedBooter.java:115)
	at org.apache.maven.surefire.booter.ForkedBooter.main(ForkedBooter.java:75)
Caused by: org.openqa.selenium.firefox.NotConnectedException: Unable to connect to host 127.0.0.1 on port 7055 after 45000 ms. Firefox console output:
file:fxdriver@googlecode.com visible
1423045753105	DeferredSave.extensions.json	DEBUG	Save changes
1423045753105	DeferredSave.extensions.json	DEBUG	Save changes
1423045753105	addons.xpi	DEBUG	New add-on dict@www.youdao.com installed in winreg-app-user
1423045753117	addons.xpi-utils	DEBUG	Make addon winreg-app-user:dict@www.youdao.com visible
1423045753117	DeferredSave.extensions.json	DEBUG	Save changes
1423045753117	DeferredSave.extensions.json	DEBUG	Save changes
1423045753117	addons.xpi	DEBUG	New add-on {972ce4c6-7e08-4474-a285-3208198ce6fd} installed in app-global
1423045753131	addons.xpi-utils	DEBUG	Make addon app-global:{972ce4c6-7e08-4474-a285-3208198ce6fd} visible
1423045753131	DeferredSave.extensions.json	DEBUG	Save changes
1423045753131	DeferredSave.extensions.json	DEBUG	Save changes
1423045753140	addons.xpi	DEBUG	Updating database with changes to installed add-ons
1423045753140	addons.xpi-utils	DEBUG	Updating add-on states
1423045753142	addons.xpi-utils	DEBUG	Writing add-ons list
1423045753149	addons.manager	DEBUG	Registering shutdown blocker for XPIProvider
1423045753150	addons.manager	DEBUG	Registering shutdown blocker for LightweightThemeManager
1423045753151	addons.manager	DEBUG	Registering shutdown blocker for OpenH264Provider
1423045753152	addons.manager	DEBUG	Registering shutdown blocker for PluginProvider
1423045754944	DeferredSave.extensions.json	DEBUG	Starting timer
1423045754968	addons.manager	DEBUG	shutdown
1423045754968	addons.manager	DEBUG	Calling shutdown blocker for XPIProvider
1423045754968	addons.xpi	DEBUG	shutdown
1423045754968	addons.xpi-utils	DEBUG	shutdown
1423045754968	DeferredSave.extensions.json	DEBUG	Flush called while data is dirty
1423045754969	addons.manager	DEBUG	Calling shutdown blocker for LightweightThemeManager
1423045754969	addons.manager	DEBUG	Calling shutdown blocker for OpenH264Provider
1423045754969	addons.manager	DEBUG	Calling shutdown blocker for PluginProvider
1423045754971	DeferredSave.extensions.json	DEBUG	Starting write
1423045755152	DeferredSave.extensions.json	DEBUG	Write succeeded
1423045755153	addons.xpi-utils	DEBUG	XPI Database saved, setting schema version preference to 16
1423045755153	addons.xpi	DEBUG	Notifying XPI shutdown observers
1423045755158	addons.manager	DEBUG	Async provider shutdown done
1423045756137	addons.manager	DEBUG	Loaded provider scope for resource://gre/modules/addons/XPIProvider.jsm: ["XPIProvider"]
1423045756138	addons.manager	DEBUG	Loaded provider scope for resource://gre/modules/LightweightThemeManager.jsm: ["LightweightThemeManager"]
1423045756139	addons.xpi	DEBUG	startup
1423045756140	addons.xpi	DEBUG	Skipping unavailable install location app-system-local
1423045756140	addons.xpi	DEBUG	Skipping unavailable install location app-system-share
1423045756140	addons.xpi	INFO	Mapping {972ce4c6-7e08-4474-a285-3208198ce6fd} to C:\Program Files (x86)\Mozilla Firefox\browser\extensions\{972ce4c6-7e08-4474-a285-3208198ce6fd}
1423045756141	addons.xpi	INFO	Mapping dict@www.youdao.com to C:\Users\zhsi\AppData\Local\Youdao\Dict\Application\stable\extensions\firefox
1423045756141	addons.xpi	INFO	Mapping fxdriver@googlecode.com to C:\Users\zhsi\AppData\Local\Temp\anonymous8729595405667106386webdriver-profile\extensions\fxdriver@googlecode.com
1423045756141	addons.xpi	DEBUG	Ignoring file entry whose name is not a valid add-on ID: C:\Users\zhsi\AppData\Local\Temp\anonymous8729595405667106386webdriver-profile\extensions\webdriver-staging
1423045756141	addons.xpi	DEBUG	checkForChanges
1423045756148	addons.xpi	DEBUG	No changes found
1423045756151	addons.manager	DEBUG	Registering shutdown blocker for XPIProvider
1423045756151	addons.manager	DEBUG	Registering shutdown blocker for LightweightThemeManager
1423045756152	addons.manager	DEBUG	Registering shutdown blocker for OpenH264Provider
1423045756152	addons.manager	DEBUG	Registering shutdown blocker for PluginProvider
*** Blocklist::_preloadBlocklistFile: blocklist is disabled
1423045759012	addons.manager	DEBUG	Registering shutdown blocker for <unnamed-provider>

	at org.openqa.selenium.firefox.internal.NewProfileExtensionConnection.start(NewProfileExtensionConnection.java:106)
	... 35 more

